<?xml version="1.0" encoding="UTF-8"?>
<testng-results skipped="0" failed="0" ignored="0" total="1" passed="1">
  <reporter-output>
  </reporter-output>
  <suite name="Default suite" duration-ms="4972" started-at="2018-05-22T15:03:17Z" finished-at="2018-05-22T15:03:22Z">
    <groups>
    </groups>
    <test name="Default test" duration-ms="4972" started-at="2018-05-22T15:03:17Z" finished-at="2018-05-22T15:03:22Z">
      <class name="com.facebook.tests.FacebookLoginTest">
        <test-method status="PASS" signature="setUp()[pri:0, instance:com.facebook.tests.FacebookLoginTest@3e6fa38a]" name="setUp" is-config="true" duration-ms="3094" started-at="2018-05-22T15:03:17Z" finished-at="2018-05-22T15:03:20Z">
          <reporter-output>
          </reporter-output>
        </test-method> <!-- setUp -->
        <test-method status="PASS" signature="loginTest()[pri:0, instance:com.facebook.tests.FacebookLoginTest@3e6fa38a]" name="loginTest" duration-ms="1671" started-at="2018-05-22T15:03:20Z" finished-at="2018-05-22T15:03:21Z">
          <reporter-output>
          </reporter-output>
        </test-method> <!-- loginTest -->
        <test-method status="PASS" signature="tearDown()[pri:0, instance:com.facebook.tests.FacebookLoginTest@3e6fa38a]" name="tearDown" is-config="true" duration-ms="167" started-at="2018-05-22T15:03:21Z" finished-at="2018-05-22T15:03:22Z">
          <reporter-output>
          </reporter-output>
        </test-method> <!-- tearDown -->
      </class> <!-- com.facebook.tests.FacebookLoginTest -->
    </test> <!-- Default test -->
  </suite> <!-- Default suite -->
</testng-results>
